[01m[K/home/huihai/catkin_ws_p/src/depth_data/src/depth_data.cpp:[m[K In function ‘[01m[Kvoid callback(const PointCloud2ConstPtr&)[m[K’:
[01m[K/home/huihai/catkin_ws_p/src/depth_data/src/depth_data.cpp:8:18:[m[K [01;31m[Kerror: [m[Kno match for ‘[01m[Koperator=[m[K’ (operand types are ‘[01m[Ksensor_msgs::PointCloud2 {aka sensor_msgs::PointCloud2_<std::allocator<void> >}[m[K’ and ‘[01m[Kconst PointCloud2ConstPtr {aka const boost::shared_ptr<const sensor_msgs::PointCloud2_<std::allocator<void> > >}[m[K’)
     pointCloud = [01;31m[Kcloud_msgs[m[K;
                  [01;31m[K^~~~~~~~~~[m[K
In file included from [01m[K/home/huihai/catkin_ws_p/src/depth_data/src/depth_data.cpp:3:0[m[K:
[01m[K/opt/ros/melodic/include/sensor_msgs/PointCloud2.h:24:8:[m[K [01;36m[Knote: [m[Kcandidate: sensor_msgs::PointCloud2_<std::allocator<void> >& sensor_msgs::PointCloud2_<std::allocator<void> >::operator=(const sensor_msgs::PointCloud2_<std::allocator<void> >&)
 struct [01;36m[KPointCloud2_[m[K
        [01;36m[K^~~~~~~~~~~~[m[K
[01m[K/opt/ros/melodic/include/sensor_msgs/PointCloud2.h:24:8:[m[K [01;36m[Knote: [m[K  no known conversion for argument 1 from ‘[01m[Kconst PointCloud2ConstPtr {aka const boost::shared_ptr<const sensor_msgs::PointCloud2_<std::allocator<void> > >}[m[K’ to ‘[01m[Kconst sensor_msgs::PointCloud2_<std::allocator<void> >&[m[K’
[01m[K/opt/ros/melodic/include/sensor_msgs/PointCloud2.h:24:8:[m[K [01;36m[Knote: [m[Kcandidate: sensor_msgs::PointCloud2_<std::allocator<void> >& sensor_msgs::PointCloud2_<std::allocator<void> >::operator=(sensor_msgs::PointCloud2_<std::allocator<void> >&&)
[01m[K/opt/ros/melodic/include/sensor_msgs/PointCloud2.h:24:8:[m[K [01;36m[Knote: [m[K  no known conversion for argument 1 from ‘[01m[Kconst PointCloud2ConstPtr {aka const boost::shared_ptr<const sensor_msgs::PointCloud2_<std::allocator<void> > >}[m[K’ to ‘[01m[Ksensor_msgs::PointCloud2_<std::allocator<void> >&&[m[K’
In file included from [01m[K/opt/ros/melodic/include/ros/ros.h:40:0[m[K,
                 from [01m[K/home/huihai/catkin_ws_p/src/depth_data/src/depth_data.cpp:2[m[K:
[01m[K/opt/ros/melodic/include/ros/console.h:348:176:[m[K [01;31m[Kerror: [m[Kno matching function for call to ‘[01m[Kprint(NULL, void*&, ros::console::Level&, const char [59], int, const char [42], std_msgs::Header_<std::allocator<void> >::_frame_id_type&)[m[K’
     ::ros::console::print(filter, __rosconsole_define_location__loc.logger_, __rosconsole_define_location__loc.level_, __FILE__, __LINE__, __ROSCONSOLE_FUNCTION__, __VA_ARGS__[01;31m[K)[m[K
                                                                                                                                                                                [01;31m[K^[m[K
[01m[K/opt/ros/melodic/include/ros/console.h:351:5:[m[K [01;36m[Knote: [m[Kin expansion of macro ‘[01m[KROSCONSOLE_PRINT_AT_LOCATION_WITH_FILTER[m[K’
     [01;36m[KROSCONSOLE_PRINT_AT_LOCATION_WITH_FILTER[m[K(NULL, __VA_ARGS__)
     [01;36m[K^~~~~~~~~~~~~~~~~~~~~~~~~~~~~~~~~~~~~~~~[m[K
[01m[K/opt/ros/melodic/include/ros/console.h:387:7:[m[K [01;36m[Knote: [m[Kin expansion of macro ‘[01m[KROSCONSOLE_PRINT_AT_LOCATION[m[K’
       [01;36m[KROSCONSOLE_PRINT_AT_LOCATION[m[K(__VA_ARGS__); \
       [01;36m[K^~~~~~~~~~~~~~~~~~~~~~~~~~~~[m[K
[01m[K/opt/ros/melodic/include/ros/console.h:572:35:[m[K [01;36m[Knote: [m[Kin expansion of macro ‘[01m[KROS_LOG_COND[m[K’
 #define ROS_LOG(level, name, ...) [01;36m[KROS_LOG_COND[m[K(true, level, name, __VA_ARGS__)
                                   [01;36m[K^~~~~~~~~~~~[m[K
[01m[K/opt/ros/melodic/include/rosconsole/macros_generated.h:110:23:[m[K [01;36m[Knote: [m[Kin expansion of macro ‘[01m[KROS_LOG[m[K’
 #define ROS_INFO(...) [01;36m[KROS_LOG[m[K(::ros::console::levels::Info, ROSCONSOLE_DEFAULT_NAME, __VA_ARGS__)
                       [01;36m[K^~~~~~~[m[K
[01m[K/home/huihai/catkin_ws_p/src/depth_data/src/depth_data.cpp:9:5:[m[K [01;36m[Knote: [m[Kin expansion of macro ‘[01m[KROS_INFO[m[K’
     [01;36m[KROS_INFO[m[K(pointCloud.header.frame_id);
     [01;36m[K^~~~~~~~[m[K
[01m[K/opt/ros/melodic/include/ros/console.h:158:22:[m[K [01;36m[Knote: [m[Kcandidate: void ros::console::print(ros::console::FilterBase*, void*, ros::console::Level, const char*, int, const char*, const char*, ...)
 ROSCONSOLE_DECL void [01;36m[Kprint[m[K(FilterBase* filter, void* logger, Level level,
                      [01;36m[K^~~~~[m[K
[01m[K/opt/ros/melodic/include/ros/console.h:158:22:[m[K [01;36m[Knote: [m[K  no known conversion for argument 7 from ‘[01m[Kstd_msgs::Header_<std::allocator<void> >::_frame_id_type {aka std::__cxx11::basic_string<char>}[m[K’ to ‘[01m[Kconst char*[m[K’
[01m[K/opt/ros/melodic/include/ros/console.h:162:22:[m[K [01;36m[Knote: [m[Kcandidate: void ros::console::print(ros::console::FilterBase*, void*, ros::console::Level, const stringstream&, const char*, int, const char*)
 ROSCONSOLE_DECL void [01;36m[Kprint[m[K(FilterBase* filter, void* logger, Level level,
                      [01;36m[K^~~~~[m[K
[01m[K/opt/ros/melodic/include/ros/console.h:162:22:[m[K [01;36m[Knote: [m[K  no known conversion for argument 4 from ‘[01m[Kconst char [59][m[K’ to ‘[01m[Kconst stringstream& {aka const std::__cxx11::basic_stringstream<char>&}[m[K’
make[2]: *** [CMakeFiles/depth_data.dir/src/depth_data.cpp.o] Error 1
make[1]: *** [CMakeFiles/depth_data.dir/all] Error 2
make: *** [all] Error 2
