[35m[1mScanning dependencies of target depth_data[0m
[ 50%] [32mBuilding CXX object CMakeFiles/depth_data.dir/src/depth_data.cpp.o[0m
In file included from [01m[K/opt/ros/melodic/include/ros/ros.h:40:0[m[K,
                 from [01m[K/home/huihai/catkin_ws_p/src/depth_data/src/depth_data.cpp:2[m[K:
[01m[K/home/huihai/catkin_ws_p/src/depth_data/src/depth_data.cpp:[m[K In function ‘[01m[Kvoid callback(const PointCloud2ConstPtr&)[m[K’:
[01m[K/home/huihai/catkin_ws_p/src/depth_data/src/depth_data.cpp:9:24:[m[K [01;31m[Kerror: [m[Kbase operand of ‘[01m[K->[m[K’ has non-pointer type ‘[01m[Ksensor_msgs::PointCloud2 {aka sensor_msgs::PointCloud2_<std::allocator<void> >}[m[K’
     ROS_INFO(pointCloud[01;31m[K-[m[K>header.frame_id);
                        [01;31m[K^[m[K
[01m[K/opt/ros/melodic/include/ros/console.h:348:165:[m[K [01;36m[Knote: [m[Kin definition of macro ‘[01m[KROSCONSOLE_PRINT_AT_LOCATION_WITH_FILTER[m[K’
     ::ros::console::print(filter, __rosconsole_define_location__loc.logger_, __rosconsole_define_location__loc.level_, __FILE__, __LINE__, __ROSCONSOLE_FUNCTION__, [01;36m[K__VA_ARGS__[m[K)
                                                                                                                                                                     [01;36m[K^~~~~~~~~~~[m[K
[01m[K/opt/ros/melodic/include/ros/console.h:387:7:[m[K [01;36m[Knote: [m[Kin expansion of macro ‘[01m[KROSCONSOLE_PRINT_AT_LOCATION[m[K’
       [01;36m[KROSCONSOLE_PRINT_AT_LOCATION[m[K(__VA_ARGS__); \
       [01;36m[K^~~~~~~~~~~~~~~~~~~~~~~~~~~~[m[K
[01m[K/opt/ros/melodic/include/ros/console.h:572:35:[m[K [01;36m[Knote: [m[Kin expansion of macro ‘[01m[KROS_LOG_COND[m[K’
 #define ROS_LOG(level, name, ...) [01;36m[KROS_LOG_COND[m[K(true, level, name, __VA_ARGS__)
                                   [01;36m[K^~~~~~~~~~~~[m[K
[01m[K/opt/ros/melodic/include/rosconsole/macros_generated.h:110:23:[m[K [01;36m[Knote: [m[Kin expansion of macro ‘[01m[KROS_LOG[m[K’
 #define ROS_INFO(...) [01;36m[KROS_LOG[m[K(::ros::console::levels::Info, ROSCONSOLE_DEFAULT_NAME, __VA_ARGS__)
                       [01;36m[K^~~~~~~[m[K
[01m[K/home/huihai/catkin_ws_p/src/depth_data/src/depth_data.cpp:9:5:[m[K [01;36m[Knote: [m[Kin expansion of macro ‘[01m[KROS_INFO[m[K’
     [01;36m[KROS_INFO[m[K(pointCloud->header.frame_id);
     [01;36m[K^~~~~~~~[m[K
CMakeFiles/depth_data.dir/build.make:62: recipe for target 'CMakeFiles/depth_data.dir/src/depth_data.cpp.o' failed
make[2]: *** [CMakeFiles/depth_data.dir/src/depth_data.cpp.o] Error 1
CMakeFiles/Makefile2:227: recipe for target 'CMakeFiles/depth_data.dir/all' failed
make[1]: *** [CMakeFiles/depth_data.dir/all] Error 2
Makefile:140: recipe for target 'all' failed
make: *** [all] Error 2
