CMakeFiles/depth_data.dir/src/depth_data.cpp.o: In function `callback(boost::shared_ptr<sensor_msgs::PointCloud2_<std::allocator<void> > const> const&)':
depth_data.cpp:(.text+0x1f): undefined reference to `ros::console::g_initialized'
depth_data.cpp:(.text+0x2f): undefined reference to `ros::console::initialize()'
depth_data.cpp:(.text+0x7c): undefined reference to `ros::console::initializeLogLocation(ros::console::LogLocation*, std::__cxx11::basic_string<char, std::char_traits<char>, std::allocator<char> > const&, ros::console::levels::Level)'
depth_data.cpp:(.text+0xb9): undefined reference to `ros::console::setLogLocationLevel(ros::console::LogLocation*, ros::console::levels::Level)'
depth_data.cpp:(.text+0xc5): undefined reference to `ros::console::checkLogLocationEnabled(ros::console::LogLocation*)'
depth_data.cpp:(.text+0x11a): undefined reference to `ros::console::print(ros::console::FilterBase*, void*, ros::console::levels::Level, char const*, int, char const*, char const*, ...)'
CMakeFiles/depth_data.dir/src/depth_data.cpp.o: In function `main':
depth_data.cpp:(.text+0x1f5): undefined reference to `ros::NodeHandle::NodeHandle(std::__cxx11::basic_string<char, std::char_traits<char>, std::allocator<char> > const&, std::map<std::__cxx11::basic_string<char, std::char_traits<char>, std::allocator<char> >, std::__cxx11::basic_string<char, std::char_traits<char>, std::allocator<char> >, std::less<std::__cxx11::basic_string<char, std::char_traits<char>, std::allocator<char> > >, std::allocator<std::pair<std::__cxx11::basic_string<char, std::char_traits<char>, std::allocator<char> > const, std::__cxx11::basic_string<char, std::char_traits<char>, std::allocator<char> > > > > const&)'
depth_data.cpp:(.text+0x238): undefined reference to `ros::Rate::Rate(double)'
depth_data.cpp:(.text+0x286): undefined reference to `ros::NodeHandle::resolveName(std::__cxx11::basic_string<char, std::char_traits<char>, std::allocator<char> > const&, bool) const'
depth_data.cpp:(.text+0x368): undefined reference to `ros::spin()'
depth_data.cpp:(.text+0x37c): undefined reference to `ros::Subscriber::~Subscriber()'
depth_data.cpp:(.text+0x3a9): undefined reference to `ros::NodeHandle::~NodeHandle()'
depth_data.cpp:(.text+0x43d): undefined reference to `ros::Subscriber::~Subscriber()'
depth_data.cpp:(.text+0x46f): undefined reference to `ros::NodeHandle::~NodeHandle()'
CMakeFiles/depth_data.dir/src/depth_data.cpp.o: In function `ros::Subscriber ros::NodeHandle::subscribe<sensor_msgs::PointCloud2_<std::allocator<void> > >(std::__cxx11::basic_string<char, std::char_traits<char>, std::allocator<char> > const&, unsigned int, void (*)(boost::shared_ptr<sensor_msgs::PointCloud2_<std::allocator<void> > const> const&), ros::TransportHints const&)':
depth_data.cpp:(.text._ZN3ros10NodeHandle9subscribeIN11sensor_msgs12PointCloud2_ISaIvEEEEENS_10SubscriberERKNSt7__cxx1112basic_stringIcSt11char_traitsIcESaIcEEEjPFvRKN5boost10shared_ptrIKT_EEERKNS_14TransportHintsE[_ZN3ros10NodeHandle9subscribeIN11sensor_msgs12PointCloud2_ISaIvEEEEENS_10SubscriberERKNSt7__cxx1112basic_stringIcSt11char_traitsIcESaIcEEEjPFvRKN5boost10shared_ptrIKT_EEERKNS_14TransportHintsE]+0x115): undefined reference to `ros::NodeHandle::subscribe(ros::SubscribeOptions&)'
CMakeFiles/depth_data.dir/src/depth_data.cpp.o: In function `ros::SubscriptionCallbackHelperT<boost::shared_ptr<sensor_msgs::PointCloud2_<std::allocator<void> > const> const&, void>::deserialize(ros::SubscriptionCallbackHelperDeserializeParams const&)':
depth_data.cpp:(.text._ZN3ros27SubscriptionCallbackHelperTIRKN5boost10shared_ptrIKN11sensor_msgs12PointCloud2_ISaIvEEEEEvE11deserializeERKNS_43SubscriptionCallbackHelperDeserializeParamsE[_ZN3ros27SubscriptionCallbackHelperTIRKN5boost10shared_ptrIKN11sensor_msgs12PointCloud2_ISaIvEEEEEvE11deserializeERKNS_43SubscriptionCallbackHelperDeserializeParamsE]+0x61): undefined reference to `ros::console::g_initialized'
depth_data.cpp:(.text._ZN3ros27SubscriptionCallbackHelperTIRKN5boost10shared_ptrIKN11sensor_msgs12PointCloud2_ISaIvEEEEEvE11deserializeERKNS_43SubscriptionCallbackHelperDeserializeParamsE[_ZN3ros27SubscriptionCallbackHelperTIRKN5boost10shared_ptrIKN11sensor_msgs12PointCloud2_ISaIvEEEEEvE11deserializeERKNS_43SubscriptionCallbackHelperDeserializeParamsE]+0x71): undefined reference to `ros::console::initialize()'
depth_data.cpp:(.text._ZN3ros27SubscriptionCallbackHelperTIRKN5boost10shared_ptrIKN11sensor_msgs12PointCloud2_ISaIvEEEEEvE11deserializeERKNS_43SubscriptionCallbackHelperDeserializeParamsE[_ZN3ros27SubscriptionCallbackHelperTIRKN5boost10shared_ptrIKN11sensor_msgs12PointCloud2_ISaIvEEEEEvE11deserializeERKNS_43SubscriptionCallbackHelperDeserializeParamsE]+0xbe): undefined reference to `ros::console::initializeLogLocation(ros::console::LogLocation*, std::__cxx11::basic_string<char, std::char_traits<char>, std::allocator<char> > const&, ros::console::levels::Level)'
depth_data.cpp:(.text._ZN3ros27SubscriptionCallbackHelperTIRKN5boost10shared_ptrIKN11sensor_msgs12PointCloud2_ISaIvEEEEEvE11deserializeERKNS_43SubscriptionCallbackHelperDeserializeParamsE[_ZN3ros27SubscriptionCallbackHelperTIRKN5boost10shared_ptrIKN11sensor_msgs12PointCloud2_ISaIvEEEEEvE11deserializeERKNS_43SubscriptionCallbackHelperDeserializeParamsE]+0xfa): undefined reference to `ros::console::setLogLocationLevel(ros::console::LogLocation*, ros::console::levels::Level)'
depth_data.cpp:(.text._ZN3ros27SubscriptionCallbackHelperTIRKN5boost10shared_ptrIKN11sensor_msgs12PointCloud2_ISaIvEEEEEvE11deserializeERKNS_43SubscriptionCallbackHelperDeserializeParamsE[_ZN3ros27SubscriptionCallbackHelperTIRKN5boost10shared_ptrIKN11sensor_msgs12PointCloud2_ISaIvEEEEEvE11deserializeERKNS_43SubscriptionCallbackHelperDeserializeParamsE]+0x106): undefined reference to `ros::console::checkLogLocationEnabled(ros::console::LogLocation*)'
depth_data.cpp:(.text._ZN3ros27SubscriptionCallbackHelperTIRKN5boost10shared_ptrIKN11sensor_msgs12PointCloud2_ISaIvEEEEEvE11deserializeERKNS_43SubscriptionCallbackHelperDeserializeParamsE[_ZN3ros27SubscriptionCallbackHelperTIRKN5boost10shared_ptrIKN11sensor_msgs12PointCloud2_ISaIvEEEEEvE11deserializeERKNS_43SubscriptionCallbackHelperDeserializeParamsE]+0x180): undefined reference to `ros::console::print(ros::console::FilterBase*, void*, ros::console::levels::Level, char const*, int, char const*, char const*, ...)'
CMakeFiles/depth_data.dir/src/depth_data.cpp.o: In function `void ros::serialization::Serializer<unsigned int>::read<ros::serialization::IStream>(ros::serialization::IStream&, unsigned int&)':
depth_data.cpp:(.text._ZN3ros13serialization10SerializerIjE4readINS0_7IStreamEEEvRT_Rj[_ZN3ros13serialization10SerializerIjE4readINS0_7IStreamEEEvRT_Rj]+0x53): undefined reference to `ros::serialization::throwStreamOverrun()'
CMakeFiles/depth_data.dir/src/depth_data.cpp.o: In function `void ros::serialization::Serializer<unsigned char>::read<ros::serialization::IStream>(ros::serialization::IStream&, unsigned char&)':
depth_data.cpp:(.text._ZN3ros13serialization10SerializerIhE4readINS0_7IStreamEEEvRT_Rh[_ZN3ros13serialization10SerializerIhE4readINS0_7IStreamEEEvRT_Rh]+0x53): undefined reference to `ros::serialization::throwStreamOverrun()'
CMakeFiles/depth_data.dir/src/depth_data.cpp.o: In function `void ros::serialization::VectorSerializer<unsigned char, std::allocator<unsigned char>, void>::read<ros::serialization::IStream>(ros::serialization::IStream&, std::vector<unsigned char, std::allocator<unsigned char> >&)':
depth_data.cpp:(.text._ZN3ros13serialization16VectorSerializerIhSaIhEvE4readINS0_7IStreamEEEvRT_RSt6vectorIhS2_E[_ZN3ros13serialization16VectorSerializerIhSaIhEvE4readINS0_7IStreamEEEvRT_RSt6vectorIhS2_E]+0xa4): undefined reference to `ros::serialization::throwStreamOverrun()'
CMakeFiles/depth_data.dir/src/depth_data.cpp.o: In function `void ros::serialization::Serializer<std::__cxx11::basic_string<char, std::char_traits<char>, std::allocator<char> > >::read<ros::serialization::IStream>(ros::serialization::IStream&, std::__cxx11::basic_string<char, std::char_traits<char>, std::allocator<char> >&)':
depth_data.cpp:(.text._ZN3ros13serialization10SerializerINSt7__cxx1112basic_stringIcSt11char_traitsIcESaIcEEEE4readINS0_7IStreamEEEvRT_RS7_[_ZN3ros13serialization10SerializerINSt7__cxx1112basic_stringIcSt11char_traitsIcESaIcEEEE4readINS0_7IStreamEEEvRT_RS7_]+0x99): undefined reference to `ros::serialization::throwStreamOverrun()'
collect2: error: ld returned 1 exit status
make[2]: *** [/home/huihai/catkin_ws_p/devel/.private/depth_data/lib/depth_data/depth_data] Error 1
make[1]: *** [CMakeFiles/depth_data.dir/all] Error 2
make: *** [all] Error 2
