Determining if the pthread_create exist failed with the following output:
Change Dir: /home/huihai/catkin_ws_p/build/depth_data/CMakeFiles/CMakeTmp

Run Build Command:"/usr/bin/make" "cmTC_fea20/fast"
/usr/bin/make -f CMakeFiles/cmTC_fea20.dir/build.make CMakeFiles/cmTC_fea20.dir/build
make[1]: Entering directory '/home/huihai/catkin_ws_p/build/depth_data/CMakeFiles/CMakeTmp'
Building C object CMakeFiles/cmTC_fea20.dir/CheckSymbolExists.c.o
/usr/bin/cc    -o CMakeFiles/cmTC_fea20.dir/CheckSymbolExists.c.o   -c /home/huihai/catkin_ws_p/build/depth_data/CMakeFiles/CMakeTmp/CheckSymbolExists.c
Linking C executable cmTC_fea20
/usr/bin/cmake -E cmake_link_script CMakeFiles/cmTC_fea20.dir/link.txt --verbose=1
/usr/bin/cc      -rdynamic CMakeFiles/cmTC_fea20.dir/CheckSymbolExists.c.o  -o cmTC_fea20 
CMakeFiles/cmTC_fea20.dir/CheckSymbolExists.c.o: In function `main':
CheckSymbolExists.c:(.text+0x1b): undefined reference to `pthread_create'
collect2: error: ld returned 1 exit status
CMakeFiles/cmTC_fea20.dir/build.make:97: recipe for target 'cmTC_fea20' failed
make[1]: *** [cmTC_fea20] Error 1
make[1]: Leaving directory '/home/huihai/catkin_ws_p/build/depth_data/CMakeFiles/CMakeTmp'
Makefile:126: recipe for target 'cmTC_fea20/fast' failed
make: *** [cmTC_fea20/fast] Error 2

File /home/huihai/catkin_ws_p/build/depth_data/CMakeFiles/CMakeTmp/CheckSymbolExists.c:
/* */
#include <pthread.h>

int main(int argc, char** argv)
{
  (void)argv;
#ifndef pthread_create
  return ((int*)(&pthread_create))[argc];
#else
  (void)argc;
  return 0;
#endif
}

Determining if the function pthread_create exists in the pthreads failed with the following output:
Change Dir: /home/huihai/catkin_ws_p/build/depth_data/CMakeFiles/CMakeTmp

Run Build Command:"/usr/bin/make" "cmTC_fc2dc/fast"
/usr/bin/make -f CMakeFiles/cmTC_fc2dc.dir/build.make CMakeFiles/cmTC_fc2dc.dir/build
make[1]: Entering directory '/home/huihai/catkin_ws_p/build/depth_data/CMakeFiles/CMakeTmp'
Building C object CMakeFiles/cmTC_fc2dc.dir/CheckFunctionExists.c.o
/usr/bin/cc   -DCHECK_FUNCTION_EXISTS=pthread_create   -o CMakeFiles/cmTC_fc2dc.dir/CheckFunctionExists.c.o   -c /usr/share/cmake-3.10/Modules/CheckFunctionExists.c
Linking C executable cmTC_fc2dc
/usr/bin/cmake -E cmake_link_script CMakeFiles/cmTC_fc2dc.dir/link.txt --verbose=1
/usr/bin/cc  -DCHECK_FUNCTION_EXISTS=pthread_create    -rdynamic CMakeFiles/cmTC_fc2dc.dir/CheckFunctionExists.c.o  -o cmTC_fc2dc -lpthreads 
/usr/bin/ld: cannot find -lpthreads
collect2: error: ld returned 1 exit status
CMakeFiles/cmTC_fc2dc.dir/build.make:97: recipe for target 'cmTC_fc2dc' failed
make[1]: *** [cmTC_fc2dc] Error 1
make[1]: Leaving directory '/home/huihai/catkin_ws_p/build/depth_data/CMakeFiles/CMakeTmp'
Makefile:126: recipe for target 'cmTC_fc2dc/fast' failed
make: *** [cmTC_fc2dc/fast] Error 2


